[LOG] Manager::init                            : maxchannels = 1024 studioflags = 00000009 flags 00000000 extradriverdata 0000000000000000.
[LOG] SystemI::init                            : FMOD Studio Version: 00010901 (84161)
[LOG] SystemI::init                            : maxchannels = 1024, flags = 00030000, extradriverdata = 0000000000000000
[LOG] SystemI::setOutputInternal               : Setting output to type 0
[LOG] SystemI::setOutputInternal               : Setting output to type 8
[LOG] SystemI::setOutputInternal               : Setting output to type 8
[LOG] OutputWASAPI::init                       : Mix Format (WAVEFORMATEX): wFormatTag=0xFFFE, nChannels=2, nSamplesPerSec=48000, nAvgBytesPerSec=384000, nBlockAlign=8, wBitsPerSample=32, cbSize=22.
[LOG] OutputWASAPI::init                       : Mix Format (WAVEFORMATEXTENSIBLE): wValidBitsPerSample=32, dwChannelMask=0x00000003, SubFormat=00000003-0000-0010-8000-00AA00389B71.
[LOG] OutputWASAPI::init                       : Output buffer size: 4096 samples, latency: 0.00ms, period: 10.00ms, DSP buffer: 1024 * 4
[LOG] SystemI::init                            : Create master channel group and master sound group.
[LOG] SystemI::init                            : Set up emulated output.  1024 channels
[LOG] SystemI::init                            : create the channel pool
[LOG] SystemI::init                            : create the stream thread
[LOG] Thread::initThread                       : Init FMOD stream thread. Priority: 2, Stack Size: 65536, Semaphore: No, Sleep Time: 10, Looping: Yes.
[LOG] SystemI::DSPCodecPoolRegister            : register codec pool for pool type 5
[LOG] Thread::initThread                       : Init FMOD mixer thread. Priority: 3, Stack Size: 49152, Semaphore: No, Sleep Time: 0, Looping: Yes.
[LOG] AsyncManager::init                       : manager 0000000041E61BB8 isAsync 1 updatePeriod 0.02
[LOG] Thread::initThread                       : Init FMOD Studio update thread. Priority: 0, Stack Size: 65536, Semaphore: No, Sleep Time: 1, Looping: No.
[LOG] AsyncManager::init                       : done
[LOG] PlaybackSystem::init                     : 
[LOG] Thread::initThread                       : Init FMOD Studio sample load thread. Priority: 0, Stack Size: 65536, Semaphore: No, Sleep Time: 1, Looping: No.
[LOG] PlaybackSystem::init                     : done
[LOG] LiveUpdate::init                         : 
[LOG] Thread::initThread                       : Init FMOD Studio bank load thread. Priority: 0, Stack Size: 65536, Semaphore: No, Sleep Time: 1, Looping: No.
[LOG] Manager::init                            : done.
[LOG] Profile::init                            : Profiler listening on port: 9264
[LOG] Manager::readBank                        : fileversion = 88, compatVersion = 86 (oldest = 44, newest = 88)
[LOG] Manager::readBank                        : fileversion = 88, compatVersion = 86 (oldest = 44, newest = 88)
[LOG] PlaybackSystem::acquireMasterBus         : Setting master channel group format to 3
[LOG] SystemI::createSoundInternal             : filename =  : mode 02000202
[LOG] SystemI::createSoundInternal             : exinfo->cbsize             = 232
[LOG] SystemI::createSoundInternal             : exinfo->length             = 6218624
[LOG] SystemI::createSoundInternal             : exinfo->fileoffset         = 31136
[LOG] SystemI::createSoundInternal             : exinfo->numsubsounds       = 1
[LOG] SystemI::createSoundInternal             : exinfo->inclusionlist      = 000000006629FAF8
[LOG] SystemI::createSoundInternal             : exinfo->inclusionlistnum   = 1
[LOG] SystemI::createSoundInternal             : exinfo->suggestedsoundtype = 5
[LOG] SystemI::createSoundInternal             : exinfo->useropen           = 00007FFD73836AA0
[LOG] SystemI::createSoundInternal             : exinfo->userclose          = 00007FFD73836A70
[LOG] SystemI::createSoundInternal             : exinfo->userread           = 00007FFD73836B70
[LOG] SystemI::createSoundInternal             : exinfo->userseek           = 00007FFD73836C20
[LOG] SystemI::createSoundInternal             : exinfo->fileuserdata       = 0000000018A33818
[LOG] SystemI::createSoundInternal             : exinfo->initialseekpostype = 1
[LOG] SystemI::DSPCodecPoolRegister            : register codec pool for pool type 5
[LOG] SystemI::createSoundInternal             : Format has 1 subsounds.
[LOG] SystemI::createSoundInternal             : Create as FMOD_CREATESAMPLE
[LOG] SystemI::createSoundInternal             : Multi-sample sound (1 subsounds), create a sample container.
[LOG] SystemI::createSoundInternal             : creating subsound 0/1
[LOG] SystemI::createSample                    : mode 02000202 length 158785 samples, lengthbytes 44224
[LOG] SystemI::createSample                    : channels = 2
[LOG] SystemI::createSample                    : output = 0000000044D0AFC8
[LOG] OutputSoftware::createSample             : lengthpcm 158785, lengthbytes 44224, channels 2, format 2, freq 48000, mode 0200020a
[LOG] SystemI::createSoundInternal             : No name found in file, use filename.
[LOG] SystemI::createSoundInternal             : done.  OpenState now = FMOD_OPENSTATE_READY.

[LOG] SystemI::createSoundInternal             : filename =  : mode 02000202
[LOG] SystemI::createSoundInternal             : exinfo->cbsize             = 232
[LOG] SystemI::createSoundInternal             : exinfo->length             = 6218624
[LOG] SystemI::createSoundInternal             : exinfo->fileoffset         = 31136
[LOG] SystemI::createSoundInternal             : exinfo->numsubsounds       = 1
[LOG] SystemI::createSoundInternal             : exinfo->inclusionlist      = 000000006629FAF8
[LOG] SystemI::createSoundInternal             : exinfo->inclusionlistnum   = 1
[LOG] SystemI::createSoundInternal             : exinfo->suggestedsoundtype = 5
[LOG] SystemI::createSoundInternal             : exinfo->useropen           = 00007FFD73836AA0
[LOG] SystemI::createSoundInternal             : exinfo->userclose          = 00007FFD73836A70
[LOG] SystemI::createSoundInternal             : exinfo->userread           = 00007FFD73836B70
[LOG] SystemI::createSoundInternal             : exinfo->userseek           = 00007FFD73836C20
[LOG] SystemI::createSoundInternal             : exinfo->fileuserdata       = 0000000018A33818
[LOG] SystemI::createSoundInternal             : exinfo->initialseekpostype = 1
[LOG] SystemI::DSPCodecPoolRegister            : register codec pool for pool type 5
[LOG] SystemI::createSoundInternal             : Format has 1 subsounds.
[LOG] SystemI::createSoundInternal             : Create as FMOD_CREATESAMPLE
[LOG] SystemI::createSoundInternal             : Multi-sample sound (1 subsounds), create a sample container.
[LOG] SystemI::createSoundInternal             : creating subsound 0/1
[LOG] SystemI::createSample                    : mode 02000202 length 67500 samples, lengthbytes 18752
[LOG] SystemI::createSample                    : channels = 2
[LOG] SystemI::createSample                    : output = 0000000044D0AFC8
[LOG] OutputSoftware::createSample             : lengthpcm 67500, lengthbytes 18752, channels 2, format 2, freq 48000, mode 0200020a
[LOG] SystemI::createSoundInternal             : No name found in file, use filename.
[LOG] SystemI::createSoundInternal             : done.  OpenState now = FMOD_OPENSTATE_READY.

[LOG] SystemI::createSoundInternal             : filename =  : mode 02000202
[LOG] SystemI::createSoundInternal             : exinfo->cbsize             = 232
[LOG] SystemI::createSoundInternal             : exinfo->length             = 6218624
[LOG] SystemI::createSoundInternal             : exinfo->fileoffset         = 31136
[LOG] SystemI::createSoundInternal             : exinfo->numsubsounds       = 1
[LOG] SystemI::createSoundInternal             : exinfo->inclusionlist      = 000000006629FAF8
[LOG] SystemI::createSoundInternal             : exinfo->inclusionlistnum   = 1
[LOG] SystemI::createSoundInternal             : exinfo->suggestedsoundtype = 5
[LOG] SystemI::createSoundInternal             : exinfo->useropen           = 00007FFD73836AA0
[LOG] SystemI::createSoundInternal             : exinfo->userclose          = 00007FFD73836A70
[LOG] SystemI::createSoundInternal             : exinfo->userread           = 00007FFD73836B70
[LOG] SystemI::createSoundInternal             : exinfo->userseek           = 00007FFD73836C20
[LOG] SystemI::createSoundInternal             : exinfo->fileuserdata       = 0000000018A33818
[LOG] SystemI::createSoundInternal             : exinfo->initialseekpostype = 1
[LOG] SystemI::DSPCodecPoolRegister            : register codec pool for pool type 5
[LOG] SystemI::createSoundInternal             : Format has 1 subsounds.
[LOG] SystemI::createSoundInternal             : Create as FMOD_CREATESAMPLE
[LOG] SystemI::createSoundInternal             : Multi-sample sound (1 subsounds), create a sample container.
[LOG] SystemI::createSoundInternal             : creating subsound 0/1
[LOG] SystemI::createSample                    : mode 02000202 length 27857 samples, lengthbytes 7200
[LOG] SystemI::createSample                    : channels = 2
[LOG] SystemI::createSample                    : output = 0000000044D0AFC8
[LOG] OutputSoftware::createSample             : lengthpcm 27857, lengthbytes 7200, channels 2, format 2, freq 48000, mode 0200020a
[LOG] SystemI::createSoundInternal             : No name found in file, use filename.
[LOG] SystemI::createSoundInternal             : done.  OpenState now = FMOD_OPENSTATE_READY.

[LOG] SystemI::createSoundInternal             : filename =  : mode 02000202
[LOG] SystemI::createSoundInternal             : exinfo->cbsize             = 232
[LOG] SystemI::createSoundInternal             : exinfo->length             = 6218624
[LOG] SystemI::createSoundInternal             : exinfo->fileoffset         = 31136
[LOG] SystemI::createSoundInternal             : exinfo->numsubsounds       = 1
[LOG] SystemI::createSoundInternal             : exinfo->inclusionlist      = 000000006629FAF8
[LOG] SystemI::createSoundInternal             : exinfo->inclusionlistnum   = 1
[LOG] SystemI::createSoundInternal             : exinfo->suggestedsoundtype = 5
[LOG] SystemI::createSoundInternal             : exinfo->useropen           = 00007FFD73836AA0
[LOG] SystemI::createSoundInternal             : exinfo->userclose          = 00007FFD73836A70
[LOG] SystemI::createSoundInternal             : exinfo->userread           = 00007FFD73836B70
[LOG] SystemI::createSoundInternal             : exinfo->userseek           = 00007FFD73836C20
[LOG] SystemI::createSoundInternal             : exinfo->fileuserdata       = 0000000018A33818
[LOG] SystemI::createSoundInternal             : exinfo->initialseekpostype = 1
[LOG] SystemI::DSPCodecPoolRegister            : register codec pool for pool type 5
[LOG] SystemI::createSoundInternal             : Format has 1 subsounds.
[LOG] SystemI::createSoundInternal             : Create as FMOD_CREATESAMPLE
[LOG] SystemI::createSoundInternal             : Multi-sample sound (1 subsounds), create a sample container.
[LOG] SystemI::createSoundInternal             : creating subsound 0/1
[LOG] SystemI::createSample                    : mode 02000202 length 77357 samples, lengthbytes 18912
[LOG] SystemI::createSample                    : channels = 2
[LOG] SystemI::createSample                    : output = 0000000044D0AFC8
[LOG] OutputSoftware::createSample             : lengthpcm 77357, lengthbytes 18912, channels 2, format 2, freq 48000, mode 0200020a
[LOG] SystemI::createSoundInternal             : No name found in file, use filename.
[LOG] SystemI::createSoundInternal             : done.  OpenState now = FMOD_OPENSTATE_READY.

[LOG] SystemI::createSoundInternal             : filename =  : mode 02000202
[LOG] SystemI::createSoundInternal             : exinfo->cbsize             = 232
[LOG] SystemI::createSoundInternal             : exinfo->length             = 6218624
[LOG] SystemI::createSoundInternal             : exinfo->fileoffset         = 31136
[LOG] SystemI::createSoundInternal             : exinfo->numsubsounds       = 1
[LOG] SystemI::createSoundInternal             : exinfo->inclusionlist      = 000000006629FAF8
[LOG] SystemI::createSoundInternal             : exinfo->inclusionlistnum   = 1
[LOG] SystemI::createSoundInternal             : exinfo->suggestedsoundtype = 5
[LOG] SystemI::createSoundInternal             : exinfo->useropen           = 00007FFD73836AA0
[LOG] SystemI::createSoundInternal             : exinfo->userclose          = 00007FFD73836A70
[LOG] SystemI::createSoundInternal             : exinfo->userread           = 00007FFD73836B70
[LOG] SystemI::createSoundInternal             : exinfo->userseek           = 00007FFD73836C20
[LOG] SystemI::createSoundInternal             : exinfo->fileuserdata       = 0000000018A33818
[LOG] SystemI::createSoundInternal             : exinfo->initialseekpostype = 1
[LOG] SystemI::DSPCodecPoolRegister            : register codec pool for pool type 5
[LOG] SystemI::createSoundInternal             : Format has 1 subsounds.
[LOG] SystemI::createSoundInternal             : Create as FMOD_CREATESAMPLE
[LOG] SystemI::createSoundInternal             : Multi-sample sound (1 subsounds), create a sample container.
[LOG] SystemI::createSoundInternal             : creating subsound 0/1
[LOG] SystemI::createSample                    : mode 02000202 length 105000 samples, lengthbytes 27904
[LOG] SystemI::createSample                    : channels = 2
[LOG] SystemI::createSample                    : output = 0000000044D0AFC8
[LOG] OutputSoftware::createSample             : lengthpcm 105000, lengthbytes 27904, channels 2, format 2, freq 48000, mode 0200020a
[LOG] SystemI::createSoundInternal             : No name found in file, use filename.
[LOG] SystemI::createSoundInternal             : done.  OpenState now = FMOD_OPENSTATE_READY.

[LOG] SystemI::createSoundInternal             : filename =  : mode 02000202
[LOG] SystemI::createSoundInternal             : exinfo->cbsize             = 232
[LOG] SystemI::createSoundInternal             : exinfo->length             = 6218624
[LOG] SystemI::createSoundInternal             : exinfo->fileoffset         = 31136
[LOG] SystemI::createSoundInternal             : exinfo->numsubsounds       = 1
[LOG] SystemI::createSoundInternal             : exinfo->inclusionlist      = 000000006629FAF8
[LOG] SystemI::createSoundInternal             : exinfo->inclusionlistnum   = 1
[LOG] SystemI::createSoundInternal             : exinfo->suggestedsoundtype = 5
[LOG] SystemI::createSoundInternal             : exinfo->useropen           = 00007FFD73836AA0
[LOG] SystemI::createSoundInternal             : exinfo->userclose          = 00007FFD73836A70
[LOG] SystemI::createSoundInternal             : exinfo->userread           = 00007FFD73836B70
[LOG] SystemI::createSoundInternal             : exinfo->userseek           = 00007FFD73836C20
[LOG] SystemI::createSoundInternal             : exinfo->fileuserdata       = 0000000018A33818
[LOG] SystemI::createSoundInternal             : exinfo->initialseekpostype = 1
[LOG] SystemI::DSPCodecPoolRegister            : register codec pool for pool type 5
[LOG] SystemI::createSoundInternal             : Format has 1 subsounds.
[LOG] SystemI::createSoundInternal             : Create as FMOD_CREATESAMPLE
[LOG] SystemI::createSoundInternal             : Multi-sample sound (1 subsounds), create a sample container.
[LOG] SystemI::createSoundInternal             : creating subsound 0/1
[LOG] SystemI::createSample                    : mode 02000202 length 105000 samples, lengthbytes 28608
[LOG] SystemI::createSample                    : channels = 2
[LOG] SystemI::createSample                    : output = 0000000044D0AFC8
[LOG] OutputSoftware::createSample             : lengthpcm 105000, lengthbytes 28608, channels 2, format 2, freq 48000, mode 0200020a
[LOG] SystemI::createSoundInternal             : No name found in file, use filename.
[LOG] SystemI::createSoundInternal             : done.  OpenState now = FMOD_OPENSTATE_READY.

[LOG] SystemI::createSoundInternal             : filename =  : mode 02000202
[LOG] SystemI::createSoundInternal             : exinfo->cbsize             = 232
[LOG] SystemI::createSoundInternal             : exinfo->length             = 6218624
[LOG] SystemI::createSoundInternal             : exinfo->fileoffset         = 31136
[LOG] SystemI::createSoundInternal             : exinfo->numsubsounds       = 1
[LOG] SystemI::createSoundInternal             : exinfo->inclusionlist      = 000000006629FAF8
[LOG] SystemI::createSoundInternal             : exinfo->inclusionlistnum   = 1
[LOG] SystemI::createSoundInternal             : exinfo->suggestedsoundtype = 5
[LOG] SystemI::createSoundInternal             : exinfo->useropen           = 00007FFD73836AA0
[LOG] SystemI::createSoundInternal             : exinfo->userclose          = 00007FFD73836A70
[LOG] SystemI::createSoundInternal             : exinfo->userread           = 00007FFD73836B70
[LOG] SystemI::createSoundInternal             : exinfo->userseek           = 00007FFD73836C20
[LOG] SystemI::createSoundInternal             : exinfo->fileuserdata       = 0000000018A33818
[LOG] SystemI::createSoundInternal             : exinfo->initialseekpostype = 1
[LOG] SystemI::DSPCodecPoolRegister            : register codec pool for pool type 5
[LOG] SystemI::createSoundInternal             : Format has 1 subsounds.
[LOG] SystemI::createSoundInternal             : Create as FMOD_CREATESAMPLE
[LOG] SystemI::createSoundInternal             : Multi-sample sound (1 subsounds), create a sample container.
[LOG] SystemI::createSoundInternal             : creating subsound 0/1
[LOG] SystemI::createSample                    : mode 02000202 length 463714 samples, lengthbytes 117632
[LOG] SystemI::createSample                    : channels = 2
[LOG] SystemI::createSample                    : output = 0000000044D0AFC8
[LOG] OutputSoftware::createSample             : lengthpcm 463714, lengthbytes 117632, channels 2, format 2, freq 48000, mode 0200020a
[LOG] SystemI::createSoundInternal             : No name found in file, use filename.
[LOG] SystemI::createSoundInternal             : done.  OpenState now = FMOD_OPENSTATE_READY.

[LOG] SystemI::createSoundInternal             : filename =  : mode 02000202
[LOG] SystemI::createSoundInternal             : exinfo->cbsize             = 232
[LOG] SystemI::createSoundInternal             : exinfo->length             = 6218624
[LOG] SystemI::createSoundInternal             : exinfo->fileoffset         = 31136
[LOG] SystemI::createSoundInternal             : exinfo->numsubsounds       = 1
[LOG] SystemI::createSoundInternal             : exinfo->inclusionlist      = 000000006629FAF8
[LOG] SystemI::createSoundInternal             : exinfo->inclusionlistnum   = 1
[LOG] SystemI::createSoundInternal             : exinfo->suggestedsoundtype = 5
[LOG] SystemI::createSoundInternal             : exinfo->useropen           = 00007FFD73836AA0
[LOG] SystemI::createSoundInternal             : exinfo->userclose          = 00007FFD73836A70
[LOG] SystemI::createSoundInternal             : exinfo->userread           = 00007FFD73836B70
[LOG] SystemI::createSoundInternal             : exinfo->userseek           = 00007FFD73836C20
[LOG] SystemI::createSoundInternal             : exinfo->fileuserdata       = 0000000018A33818
[LOG] SystemI::createSoundInternal             : exinfo->initialseekpostype = 1
[LOG] SystemI::DSPCodecPoolRegister            : register codec pool for pool type 5
[LOG] SystemI::createSoundInternal             : Format has 1 subsounds.
[LOG] SystemI::createSoundInternal             : Create as FMOD_CREATESAMPLE
[LOG] SystemI::createSoundInternal             : Multi-sample sound (1 subsounds), create a sample container.
[LOG] SystemI::createSoundInternal             : creating subsound 0/1
[LOG] SystemI::createSample                    : mode 02000202 length 21214 samples, lengthbytes 5664
[LOG] SystemI::createSample                    : channels = 2
[LOG] SystemI::createSample                    : output = 0000000044D0AFC8
[LOG] OutputSoftware::createSample             : lengthpcm 21214, lengthbytes 5664, channels 2, format 2, freq 48000, mode 0200020a
[LOG] SystemI::createSoundInternal             : No name found in file, use filename.
[LOG] SystemI::createSoundInternal             : done.  OpenState now = FMOD_OPENSTATE_READY.

[LOG] SystemI::createSoundInternal             : filename =  : mode 02000202
[LOG] SystemI::createSoundInternal             : exinfo->cbsize             = 232
[LOG] SystemI::createSoundInternal             : exinfo->length             = 6218624
[LOG] SystemI::createSoundInternal             : exinfo->fileoffset         = 31136
[LOG] SystemI::createSoundInternal             : exinfo->numsubsounds       = 1
[LOG] SystemI::createSoundInternal             : exinfo->inclusionlist      = 000000006629FAF8
[LOG] SystemI::createSoundInternal             : exinfo->inclusionlistnum   = 1
[LOG] SystemI::createSoundInternal             : exinfo->suggestedsoundtype = 5
[LOG] SystemI::createSoundInternal             : exinfo->useropen           = 00007FFD73836AA0
[LOG] SystemI::createSoundInternal             : exinfo->userclose          = 00007FFD73836A70
[LOG] SystemI::createSoundInternal             : exinfo->userread           = 00007FFD73836B70
[LOG] SystemI::createSoundInternal             : exinfo->userseek           = 00007FFD73836C20
[LOG] SystemI::createSoundInternal             : exinfo->fileuserdata       = 0000000018A33818
[LOG] SystemI::createSoundInternal             : exinfo->initialseekpostype = 1
[LOG] SystemI::DSPCodecPoolRegister            : register codec pool for pool type 5
[LOG] SystemI::createSoundInternal             : Format has 1 subsounds.
[LOG] SystemI::createSoundInternal             : Create as FMOD_CREATESAMPLE
[LOG] SystemI::createSoundInternal             : Multi-sample sound (1 subsounds), create a sample container.
[LOG] SystemI::createSoundInternal             : creating subsound 0/1
[LOG] SystemI::createSample                    : mode 02000202 length 105000 samples, lengthbytes 27424
[LOG] SystemI::createSample                    : channels = 2
[LOG] SystemI::createSample                    : output = 0000000044D0AFC8
[LOG] OutputSoftware::createSample             : lengthpcm 105000, lengthbytes 27424, channels 2, format 2, freq 48000, mode 0200020a
[LOG] SystemI::createSoundInternal             : No name found in file, use filename.
[LOG] SystemI::createSoundInternal             : done.  OpenState now = FMOD_OPENSTATE_READY.

[LOG] SystemI::createSoundInternal             : filename =  : mode 02000202
[LOG] SystemI::createSoundInternal             : exinfo->cbsize             = 232
[LOG] SystemI::createSoundInternal             : exinfo->length             = 6218624
[LOG] SystemI::createSoundInternal             : exinfo->fileoffset         = 31136
[LOG] SystemI::createSoundInternal             : exinfo->numsubsounds       = 1
[LOG] SystemI::createSoundInternal             : exinfo->inclusionlist      = 000000006629FAF8
[LOG] SystemI::createSoundInternal             : exinfo->inclusionlistnum   = 1
[LOG] SystemI::createSoundInternal             : exinfo->suggestedsoundtype = 5
[LOG] SystemI::createSoundInternal             : exinfo->useropen           = 00007FFD73836AA0
[LOG] SystemI::createSoundInternal             : exinfo->userclose          = 00007FFD73836A70
[LOG] SystemI::createSoundInternal             : exinfo->userread           = 00007FFD73836B70
[LOG] SystemI::createSoundInternal             : exinfo->userseek           = 00007FFD73836C20
[LOG] SystemI::createSoundInternal             : exinfo->fileuserdata       = 0000000018A33818
[LOG] SystemI::createSoundInternal             : exinfo->initialseekpostype = 1
[LOG] SystemI::DSPCodecPoolRegister            : register codec pool for pool type 5
[LOG] SystemI::createSoundInternal             : Format has 1 subsounds.
[LOG] SystemI::createSoundInternal             : Create as FMOD_CREATESAMPLE
[LOG] SystemI::createSoundInternal             : Multi-sample sound (1 subsounds), create a sample container.
[LOG] SystemI::createSoundInternal             : creating subsound 0/1
[LOG] SystemI::createSample                    : mode 02000202 length 103500 samples, lengthbytes 28416
[LOG] SystemI::createSample                    : channels = 2
[LOG] SystemI::createSample                    : output = 0000000044D0AFC8
[LOG] OutputSoftware::createSample             : lengthpcm 103500, lengthbytes 28416, channels 2, format 2, freq 48000, mode 0200020a
[LOG] SystemI::createSoundInternal             : No name found in file, use filename.
[LOG] SystemI::createSoundInternal             : done.  OpenState now = FMOD_OPENSTATE_READY.

[LOG] SystemI::createSoundInternal             : filename =  : mode 02000202
[LOG] SystemI::createSoundInternal             : exinfo->cbsize             = 232
[LOG] SystemI::createSoundInternal             : exinfo->length             = 6218624
[LOG] SystemI::createSoundInternal             : exinfo->fileoffset         = 31136
[LOG] SystemI::createSoundInternal             : exinfo->numsubsounds       = 1
[LOG] SystemI::createSoundInternal             : exinfo->inclusionlist      = 000000006629FAF8
[LOG] SystemI::createSoundInternal             : exinfo->inclusionlistnum   = 1
[LOG] SystemI::createSoundInternal             : exinfo->suggestedsoundtype = 5
[LOG] SystemI::createSoundInternal             : exinfo->useropen           = 00007FFD73836AA0
[LOG] SystemI::createSoundInternal             : exinfo->userclose          = 00007FFD73836A70
[LOG] SystemI::createSoundInternal             : exinfo->userread           = 00007FFD73836B70
[LOG] SystemI::createSoundInternal             : exinfo->userseek           = 00007FFD73836C20
[LOG] SystemI::createSoundInternal             : exinfo->fileuserdata       = 0000000018A33818
[LOG] SystemI::createSoundInternal             : exinfo->initialseekpostype = 1
[LOG] SystemI::DSPCodecPoolRegister            : register codec pool for pool type 5
[LOG] SystemI::createSoundInternal             : Format has 1 subsounds.
[LOG] SystemI::createSoundInternal             : Create as FMOD_CREATESAMPLE
[LOG] SystemI::createSoundInternal             : Multi-sample sound (1 subsounds), create a sample container.
[LOG] SystemI::createSoundInternal             : creating subsound 0/1
[LOG] SystemI::createSample                    : mode 02000202 length 105000 samples, lengthbytes 29664
[LOG] SystemI::createSample                    : channels = 2
[LOG] SystemI::createSample                    : output = 0000000044D0AFC8
[LOG] OutputSoftware::createSample             : lengthpcm 105000, lengthbytes 29664, channels 2, format 2, freq 48000, mode 0200020a
[LOG] SystemI::createSoundInternal             : No name found in file, use filename.
[LOG] SystemI::createSoundInternal             : done.  OpenState now = FMOD_OPENSTATE_READY.

[LOG] SystemI::createSoundInternal             : filename =  : mode 02000202
[LOG] SystemI::createSoundInternal             : exinfo->cbsize             = 232
[LOG] SystemI::createSoundInternal             : exinfo->length             = 6218624
[LOG] SystemI::createSoundInternal             : exinfo->fileoffset         = 31136
[LOG] SystemI::createSoundInternal             : exinfo->numsubsounds       = 1
[LOG] SystemI::createSoundInternal             : exinfo->inclusionlist      = 000000006629FAF8
[LOG] SystemI::createSoundInternal             : exinfo->inclusionlistnum   = 1
[LOG] SystemI::createSoundInternal             : exinfo->suggestedsoundtype = 5
[LOG] SystemI::createSoundInternal             : exinfo->useropen           = 00007FFD73836AA0
[LOG] SystemI::createSoundInternal             : exinfo->userclose          = 00007FFD73836A70
[LOG] SystemI::createSoundInternal             : exinfo->userread           = 00007FFD73836B70
[LOG] SystemI::createSoundInternal             : exinfo->userseek           = 00007FFD73836C20
[LOG] SystemI::createSoundInternal             : exinfo->fileuserdata       = 0000000018A33818
[LOG] SystemI::createSoundInternal             : exinfo->initialseekpostype = 1
[LOG] SystemI::DSPCodecPoolRegister            : register codec pool for pool type 5
[LOG] SystemI::createSoundInternal             : Format has 1 subsounds.
[LOG] SystemI::createSoundInternal             : Create as FMOD_CREATESAMPLE
[LOG] SystemI::createSoundInternal             : Multi-sample sound (1 subsounds), create a sample container.
[LOG] SystemI::createSoundInternal             : creating subsound 0/1
[LOG] SystemI::createSample                    : mode 02000202 length 20571 samples, lengthbytes 5888
[LOG] SystemI::createSample                    : channels = 2
[LOG] SystemI::createSample                    : output = 0000000044D0AFC8
[LOG] OutputSoftware::createSample             : lengthpcm 20571, lengthbytes 5888, channels 2, format 2, freq 48000, mode 0200020a
[LOG] SystemI::createSoundInternal             : No name found in file, use filename.
[LOG] SystemI::createSoundInternal             : done.  OpenState now = FMOD_OPENSTATE_READY.

[LOG] SystemI::createSoundInternal             : filename =  : mode 02000202
[LOG] SystemI::createSoundInternal             : exinfo->cbsize             = 232
[LOG] SystemI::createSoundInternal             : exinfo->length             = 6218624
[LOG] SystemI::createSoundInternal             : exinfo->fileoffset         = 31136
[LOG] SystemI::createSoundInternal             : exinfo->numsubsounds       = 1
[LOG] SystemI::createSoundInternal             : exinfo->inclusionlist      = 000000006629FAF8
[LOG] SystemI::createSoundInternal             : exinfo->inclusionlistnum   = 1
[LOG] SystemI::createSoundInternal             : exinfo->suggestedsoundtype = 5
[LOG] SystemI::createSoundInternal             : exinfo->useropen           = 00007FFD73836AA0
[LOG] SystemI::createSoundInternal             : exinfo->userclose          = 00007FFD73836A70
[LOG] SystemI::createSoundInternal             : exinfo->userread           = 00007FFD73836B70
[LOG] SystemI::createSoundInternal             : exinfo->userseek           = 00007FFD73836C20
[LOG] SystemI::createSoundInternal             : exinfo->fileuserdata       = 0000000018A33818
[LOG] SystemI::createSoundInternal             : exinfo->initialseekpostype = 1
[LOG] SystemI::DSPCodecPoolRegister            : register codec pool for pool type 5
[LOG] SystemI::createSoundInternal             : Format has 1 subsounds.
[LOG] SystemI::createSoundInternal             : Create as FMOD_CREATESAMPLE
[LOG] SystemI::createSoundInternal             : Multi-sample sound (1 subsounds), create a sample container.
[LOG] SystemI::createSoundInternal             : creating subsound 0/1
[LOG] SystemI::createSample                    : mode 02000202 length 105000 samples, lengthbytes 25824
[LOG] SystemI::createSample                    : channels = 2
[LOG] SystemI::createSample                    : output = 0000000044D0AFC8
[LOG] OutputSoftware::createSample             : lengthpcm 105000, lengthbytes 25824, channels 2, format 2, freq 48000, mode 0200020a
[LOG] SystemI::createSoundInternal             : No name found in file, use filename.
[LOG] SystemI::createSoundInternal             : done.  OpenState now = FMOD_OPENSTATE_READY.

[LOG] SystemI::createSoundInternal             : filename =  : mode 02000202
[LOG] SystemI::createSoundInternal             : exinfo->cbsize             = 232
[LOG] SystemI::createSoundInternal             : exinfo->length             = 6218624
[LOG] SystemI::createSoundInternal             : exinfo->fileoffset         = 31136
[LOG] SystemI::createSoundInternal             : exinfo->numsubsounds       = 1
[LOG] SystemI::createSoundInternal             : exinfo->inclusionlist      = 000000006629FAF8
[LOG] SystemI::createSoundInternal             : exinfo->inclusionlistnum   = 1
[LOG] SystemI::createSoundInternal             : exinfo->suggestedsoundtype = 5
[LOG] SystemI::createSoundInternal             : exinfo->useropen           = 00007FFD73836AA0
[LOG] SystemI::createSoundInternal             : exinfo->userclose          = 00007FFD73836A70
[LOG] SystemI::createSoundInternal             : exinfo->userread           = 00007FFD73836B70
[LOG] SystemI::createSoundInternal             : exinfo->userseek           = 00007FFD73836C20
[LOG] SystemI::createSoundInternal             : exinfo->fileuserdata       = 0000000018A33818
[LOG] SystemI::createSoundInternal             : exinfo->initialseekpostype = 1
[LOG] SystemI::DSPCodecPoolRegister            : register codec pool for pool type 5
[LOG] SystemI::createSoundInternal             : Format has 1 subsounds.
[LOG] SystemI::createSoundInternal             : Create as FMOD_CREATESAMPLE
[LOG] SystemI::createSoundInternal             : Multi-sample sound (1 subsounds), create a sample container.
[LOG] SystemI::createSoundInternal             : creating subsound 0/1
[LOG] SystemI::createSample                    : mode 02000202 length 26357 samples, lengthbytes 7104
[LOG] SystemI::createSample                    : channels = 2
[LOG] SystemI::createSample                    : output = 0000000044D0AFC8
[LOG] OutputSoftware::createSample             : lengthpcm 26357, lengthbytes 7104, channels 2, format 2, freq 48000, mode 0200020a
[LOG] SystemI::createSoundInternal             : No name found in file, use filename.
[LOG] SystemI::createSoundInternal             : done.  OpenState now = FMOD_OPENSTATE_READY.

[LOG] SystemI::createSoundInternal             : filename =  : mode 02000202
[LOG] SystemI::createSoundInternal             : exinfo->cbsize             = 232
[LOG] SystemI::createSoundInternal             : exinfo->length             = 6218624
[LOG] SystemI::createSoundInternal             : exinfo->fileoffset         = 31136
[LOG] SystemI::createSoundInternal             : exinfo->numsubsounds       = 1
[LOG] SystemI::createSoundInternal             : exinfo->inclusionlist      = 000000006629FAF8
[LOG] SystemI::createSoundInternal             : exinfo->inclusionlistnum   = 1
[LOG] SystemI::createSoundInternal             : exinfo->suggestedsoundtype = 5
[LOG] SystemI::createSoundInternal             : exinfo->useropen           = 00007FFD73836AA0
[LOG] SystemI::createSoundInternal             : exinfo->userclose          = 00007FFD73836A70
[LOG] SystemI::createSoundInternal             : exinfo->userread           = 00007FFD73836B70
[LOG] SystemI::createSoundInternal             : exinfo->userseek           = 00007FFD73836C20
[LOG] SystemI::createSoundInternal             : exinfo->fileuserdata       = 0000000018A33818
[LOG] SystemI::createSoundInternal             : exinfo->initialseekpostype = 1
[LOG] SystemI::DSPCodecPoolRegister            : register codec pool for pool type 5
[LOG] SystemI::createSoundInternal             : Format has 1 subsounds.
[LOG] SystemI::createSoundInternal             : Create as FMOD_CREATESAMPLE
[LOG] SystemI::createSoundInternal             : Multi-sample sound (1 subsounds), create a sample container.
[LOG] SystemI::createSoundInternal             : creating subsound 0/1
[LOG] SystemI::createSample                    : mode 02000202 length 105000 samples, lengthbytes 27744
[LOG] SystemI::createSample                    : channels = 2
[LOG] SystemI::createSample                    : output = 0000000044D0AFC8
[LOG] OutputSoftware::createSample             : lengthpcm 105000, lengthbytes 27744, channels 2, format 2, freq 48000, mode 0200020a
[LOG] SystemI::createSoundInternal             : No name found in file, use filename.
[LOG] SystemI::createSoundInternal             : done.  OpenState now = FMOD_OPENSTATE_READY.

[LOG] SystemI::createSound                     : filename = FMODProject\MusesSexton\Build\Desktop/Master Bank.bank : mode 02010082
[LOG] SystemI::createSound                     : FMOD_NONBLOCKING specified.  Putting into queue to be opened asynchronously!
[LOG] Thread::initThread                       : Init FMOD nonblocking thread (0). Priority: 1, Stack Size: 81920, Semaphore: Yes, Sleep Time: 0, Looping: Yes.
[LOG] SystemI::createSound                     : setdata soundi = 000000002E26A358 : node = 00000000456F8130
[LOG] SystemI::createSound                     : add node to async list : head = 00000000417CD048.  list count = 0
[LOG] SystemI::createSound                     : filename = FMODProject\MusesSexton\Build\Desktop/Master Bank.bank : mode 02010082
[LOG] SystemI::createSound                     : FMOD_NONBLOCKING specified.  Putting into queue to be opened asynchronously!
[LOG] AsyncThread::threadFunc                  : Starting Asynchronous operation on sound 000000002E26A358
[LOG] SystemI::createSound                     : setdata soundi = 000000002E269938 : node = 00000000456F8D00
[LOG] SystemI::createSoundInternal             :     filename = FMODProject\MusesSexton\Build\Desktop/Master Bank.bank : mode 02010082
[LOG] SystemI::createSound                     :     add node to async list : head = 00000000417CD048.  list count = 0
[LOG] SystemI::createSoundInternal             :     exinfo->cbsize             = 232
[LOG] SystemI::createSoundInternal             :     exinfo->length             = 6218624
[LOG] SystemI::createSound                     :     filename = FMODProject\MusesSexton\Build\Desktop/Master Bank.bank : mode 02010082
[LOG] SystemI::createSoundInternal             :     exinfo->fileoffset         = 31136
[LOG] SystemI::createSound                     :     FMOD_NONBLOCKING specified.  Putting into queue to be opened asynchronously!
[LOG] SystemI::createSoundInternal             :     exinfo->numsubsounds       = 1
[LOG] SystemI::createSound                     :     setdata soundi = 000000002E26A6B8 : node = 00000000456F94E0
[LOG] SystemI::createSoundInternal             :     exinfo->inclusionlist      = 00000000456F8248
[LOG] SystemI::createSound                     :     add node to async list : head = 00000000417CD048.  list count = 1
[LOG] SystemI::createSoundInternal             :     exinfo->inclusionlistnum   = 1
[LOG] SystemI::createSoundInternal             :     exinfo->suggestedsoundtype = 5
[LOG] SystemI::createSound                     :     filename = FMODProject\MusesSexton\Build\Desktop/Master Bank.bank : mode 02010082
[LOG] SystemI::createSoundInternal             :     exinfo->initialseekpostype = 1
[LOG] SystemI::createSound                     :     FMOD_NONBLOCKING specified.  Putting into queue to be opened asynchronously!
[LOG] SystemI::createSound                     :     setdata soundi = 000000002E269AE8 : node = 00000000456F83D0
[LOG] SystemI::createSound                     :     add node to async list : head = 00000000417CD048.  list count = 2
[LOG] SystemI::createSoundInternal             :     Format has 1 subsounds.
[LOG] SystemI::createSoundInternal             :     Create as FMOD_CREATESTREAM
[LOG] System::createSoundInternal              :     decode buffersize = 19200 : blocksize = 256 : format = 2
[LOG] SystemI::createSample                    :     mode 02010082 length 19200 samples, lengthbytes 966144
[LOG] SystemI::createSample                    :     channels = 2
[LOG] SystemI::createSample                    :     output = 0000000044D0AFC8
[LOG] OutputSoftware::createSample             :     lengthpcm 19200, lengthbytes 966144, channels 2, format 2, freq 48000, mode 0201008a
[LOG] System::createSoundInternal              :     1 subsounds detected.
[LOG] System::createSoundInternal              :     Seek stream to start
[LOG] System::createSoundInternal              :     flush stream buffer
[LOG] SystemI::createSound                     :     filename = FMODProject\MusesSexton\Build\Desktop/Master Bank.bank : mode 02010082
[LOG] SystemI::createSound                     :     FMOD_NONBLOCKING specified.  Putting into queue to be opened asynchronously!
[LOG] SystemI::createSound                     :     setdata soundi = 000000002E269C98 : node = 00000000456F9630
[LOG] SystemI::createSound                     :     add node to async list : head = 00000000417CD048.  list count = 3
[LOG] System::createSoundInternal              :     flush successful.
[LOG] System::createSoundInternal              :     switch file handle from small blocking single buffered to large nonblocking doublebuffered.
[LOG] Thread::initThread                       :         Init FMOD file thread. Priority: 1, Stack Size: 16384, Semaphore: No, Sleep Time: 10, Looping: Yes.
[LOG] SystemI::createSoundInternal             :     done.  OpenState now = FMOD_OPENSTATE_READY.

[LOG] AsyncThread::threadFunc                  : Finished Asynchronous operation on sound 000000002E26A358
[LOG] AsyncThread::threadFunc                  : Starting Asynchronous operation on sound 000000002E269938
[LOG] SystemI::createSoundInternal             :     filename = FMODProject\MusesSexton\Build\Desktop/Master Bank.bank : mode 02010082
[LOG] SystemI::createSoundInternal             :     exinfo->cbsize             = 232
[LOG] SystemI::createSoundInternal             :     exinfo->length             = 6218624
[LOG] SystemI::createSoundInternal             :     exinfo->fileoffset         = 31136
[LOG] SystemI::createSoundInternal             :     exinfo->numsubsounds       = 1
[LOG] SystemI::createSoundInternal             :     exinfo->inclusionlist      = 00000000456F8E18
[LOG] SystemI::createSoundInternal             :     exinfo->inclusionlistnum   = 1
[LOG] SystemI::createSoundInternal             :     exinfo->suggestedsoundtype = 5
[LOG] SystemI::createSoundInternal             :     exinfo->initialseekpostype = 1
[LOG] SystemI::createSoundInternal             :     Format has 1 subsounds.
[LOG] SystemI::createSoundInternal             :     Create as FMOD_CREATESTREAM
[LOG] System::createSoundInternal              :     decode buffersize = 19200 : blocksize = 256 : format = 2
[LOG] SystemI::createSample                    :     mode 02010082 length 19200 samples, lengthbytes 1168864
[LOG] SystemI::createSample                    :     channels = 2
[LOG] SystemI::createSample                    :     output = 0000000044D0AFC8
[LOG] OutputSoftware::createSample             :     lengthpcm 19200, lengthbytes 1168864, channels 2, format 2, freq 48000, mode 0201008a
[LOG] System::createSoundInternal              :     1 subsounds detected.
[LOG] System::createSoundInternal              :     Seek stream to start
[LOG] System::createSoundInternal              :     flush stream buffer
[LOG] System::createSoundInternal              :     flush successful.
[LOG] System::createSoundInternal              :     switch file handle from small blocking single buffered to large nonblocking doublebuffered.
[LOG] SystemI::createSoundInternal             :     done.  OpenState now = FMOD_OPENSTATE_READY.

[LOG] AsyncThread::threadFunc                  : Finished Asynchronous operation on sound 000000002E269938
[LOG] AsyncThread::threadFunc                  : Starting Asynchronous operation on sound 000000002E26A6B8
[LOG] SystemI::createSoundInternal             :     filename = FMODProject\MusesSexton\Build\Desktop/Master Bank.bank : mode 02010082
[LOG] SystemI::createSoundInternal             :     exinfo->cbsize             = 232
[LOG] SystemI::createSoundInternal             :     exinfo->length             = 6218624
[LOG] SystemI::createSoundInternal             :     exinfo->fileoffset         = 31136
[LOG] SystemI::createSoundInternal             :     exinfo->numsubsounds       = 1
[LOG] SystemI::createSoundInternal             :     exinfo->inclusionlist      = 00000000456F95F8
[LOG] SystemI::createSoundInternal             :     exinfo->inclusionlistnum   = 1
[LOG] SystemI::createSoundInternal             :     exinfo->suggestedsoundtype = 5
[LOG] SystemI::createSoundInternal             :     exinfo->initialseekpostype = 1
[LOG] SystemI::createSoundInternal             :     Format has 1 subsounds.
[LOG] SystemI::createSoundInternal             :     Create as FMOD_CREATESTREAM
[LOG] System::createSoundInternal              :     decode buffersize = 19200 : blocksize = 256 : format = 2
[LOG] SystemI::createSample                    :     mode 02010082 length 19200 samples, lengthbytes 998464
[LOG] SystemI::createSample                    :     channels = 2
[LOG] SystemI::createSample                    :     output = 0000000044D0AFC8
[LOG] OutputSoftware::createSample             :     lengthpcm 19200, lengthbytes 998464, channels 2, format 2, freq 48000, mode 0201008a
[LOG] System::createSoundInternal              :     1 subsounds detected.
[LOG] System::createSoundInternal              :     Seek stream to start
[LOG] System::createSoundInternal              :     flush stream buffer
[LOG] System::createSoundInternal              :     flush successful.
[LOG] System::createSoundInternal              :     switch file handle from small blocking single buffered to large nonblocking doublebuffered.
[LOG] SystemI::createSoundInternal             :     done.  OpenState now = FMOD_OPENSTATE_READY.

[LOG] AsyncThread::threadFunc                  : Finished Asynchronous operation on sound 000000002E26A6B8
[LOG] AsyncThread::threadFunc                  : Starting Asynchronous operation on sound 000000002E269AE8
[LOG] SystemI::createSoundInternal             :     filename = FMODProject\MusesSexton\Build\Desktop/Master Bank.bank : mode 02010082
[LOG] SystemI::createSoundInternal             :     exinfo->cbsize             = 232
[LOG] SystemI::createSoundInternal             :     exinfo->length             = 6218624
[LOG] SystemI::createSoundInternal             :     exinfo->fileoffset         = 31136
[LOG] SystemI::createSoundInternal             :     exinfo->numsubsounds       = 1
[LOG] SystemI::createSoundInternal             :     exinfo->inclusionlist      = 00000000456F84E8
[LOG] SystemI::createSoundInternal             :     exinfo->inclusionlistnum   = 1
[LOG] SystemI::createSoundInternal             :     exinfo->suggestedsoundtype = 5
[LOG] SystemI::createSoundInternal             :     exinfo->initialseekpostype = 1
[LOG] SystemI::createSoundInternal             :     Format has 1 subsounds.
[LOG] SystemI::createSoundInternal             :     Create as FMOD_CREATESTREAM
[LOG] System::createSoundInternal              :     decode buffersize = 19200 : blocksize = 256 : format = 2
[LOG] SystemI::createSample                    :     mode 02010082 length 19200 samples, lengthbytes 1178528
[LOG] SystemI::createSample                    :     channels = 2
[LOG] SystemI::createSample                    :     output = 0000000044D0AFC8
[LOG] OutputSoftware::createSample             :     lengthpcm 19200, lengthbytes 1178528, channels 2, format 2, freq 48000, mode 0201008a
[LOG] System::createSoundInternal              :     1 subsounds detected.
[LOG] System::createSoundInternal              :     Seek stream to start
[LOG] System::createSoundInternal              :     flush stream buffer
[LOG] System::createSoundInternal              :     flush successful.
[LOG] System::createSoundInternal              :     switch file handle from small blocking single buffered to large nonblocking doublebuffered.
[LOG] SystemI::createSoundInternal             :     done.  OpenState now = FMOD_OPENSTATE_READY.

[LOG] AsyncThread::threadFunc                  : Finished Asynchronous operation on sound 000000002E269AE8
[LOG] AsyncThread::threadFunc                  : Starting Asynchronous operation on sound 000000002E269C98
[LOG] SystemI::createSoundInternal             :     filename = FMODProject\MusesSexton\Build\Desktop/Master Bank.bank : mode 02010082
[LOG] SystemI::createSoundInternal             :     exinfo->cbsize             = 232
[LOG] SystemI::createSoundInternal             :     exinfo->length             = 6218624
[LOG] SystemI::createSoundInternal             :     exinfo->fileoffset         = 31136
[LOG] SystemI::createSoundInternal             :     exinfo->numsubsounds       = 1
[LOG] SystemI::createSoundInternal             :     exinfo->inclusionlist      = 00000000456F9748
[LOG] SystemI::createSoundInternal             :     exinfo->inclusionlistnum   = 1
[LOG] SystemI::createSoundInternal             :     exinfo->suggestedsoundtype = 5
[LOG] SystemI::createSoundInternal             :     exinfo->initialseekpostype = 1
[LOG] SystemI::createSoundInternal             :     Format has 1 subsounds.
[LOG] SystemI::createSoundInternal             :     Create as FMOD_CREATESTREAM
[LOG] System::createSoundInternal              :     decode buffersize = 19200 : blocksize = 256 : format = 2
[LOG] SystemI::createSample                    :     mode 02010082 length 19200 samples, lengthbytes 973888
[LOG] SystemI::createSample                    :     channels = 2
[LOG] SystemI::createSample                    :     output = 0000000044D0AFC8
[LOG] OutputSoftware::createSample             :     lengthpcm 19200, lengthbytes 973888, channels 2, format 2, freq 48000, mode 0201008a
[LOG] System::createSoundInternal              :     1 subsounds detected.
[LOG] System::createSoundInternal              :     Seek stream to start
[LOG] System::createSoundInternal              :     flush stream buffer
[LOG] System::createSoundInternal              :     flush successful.
[LOG] System::createSoundInternal              :     switch file handle from small blocking single buffered to large nonblocking doublebuffered.
[LOG] SystemI::createSoundInternal             :     done.  OpenState now = FMOD_OPENSTATE_READY.

[LOG] AsyncThread::threadFunc                  : Finished Asynchronous operation on sound 000000002E269C98
[LOG] SoundI::getSubSound                      : sound 000000002E26A358.  Subsound index 0 / 1
[LOG] SoundI::getSubSound                      : sound 000000002E269938.  Subsound index 0 / 1
[LOG] SoundI::getSubSound                      : sound 000000002E26A6B8.  Subsound index 0 / 1
[LOG] SoundI::getSubSound                      : sound 000000002E269AE8.  Subsound index 0 / 1
[LOG] SoundI::getSubSound                      : sound 000000002E269C98.  Subsound index 0 / 1
[LOG] SystemI::createSound                     : filename = FMODProject\MusesSexton\Build\Desktop/Master Bank.bank : mode 02010082
[LOG] SystemI::createSound                     : FMOD_NONBLOCKING specified.  Putting into queue to be opened asynchronously!
[LOG] SystemI::createSound                     : setdata soundi = 0000000049C3FDF8 : node = 00000000456F8520
[LOG] SystemI::createSound                     : add node to async list : head = 00000000417CD048.  list count = 0
[LOG] AsyncThread::threadFunc                  : Starting Asynchronous operation on sound 0000000049C3FDF8
[LOG] SystemI::createSoundInternal             :     filename = FMODProject\MusesSexton\Build\Desktop/Master Bank.bank : mode 02010082
[LOG] SystemI::createSoundInternal             :     exinfo->cbsize             = 232
[LOG] SystemI::createSoundInternal             :     exinfo->length             = 6218624
[LOG] SystemI::createSoundInternal             :     exinfo->fileoffset         = 31136
[LOG] SystemI::createSoundInternal             :     exinfo->numsubsounds       = 1
[LOG] SystemI::createSoundInternal             :     exinfo->inclusionlist      = 00000000456F8638
[LOG] SystemI::createSoundInternal             :     exinfo->inclusionlistnum   = 1
[LOG] SystemI::createSoundInternal             :     exinfo->suggestedsoundtype = 5
[LOG] SystemI::createSoundInternal             :     exinfo->initialseekpostype = 1
[LOG] SystemI::createSoundInternal             :     Format has 1 subsounds.
[LOG] SystemI::createSoundInternal             :     Create as FMOD_CREATESTREAM
[LOG] System::createSoundInternal              :     decode buffersize = 19200 : blocksize = 256 : format = 2
[LOG] SystemI::createSample                    :     mode 02010082 length 19200 samples, lengthbytes 221664
[LOG] SystemI::createSample                    :     channels = 2
[LOG] SystemI::createSample                    :     output = 0000000044D0AFC8
[LOG] OutputSoftware::createSample             :     lengthpcm 19200, lengthbytes 221664, channels 2, format 2, freq 48000, mode 0201008a
[LOG] System::createSoundInternal              :     1 subsounds detected.
[LOG] System::createSoundInternal              :     Seek stream to start
[LOG] System::createSoundInternal              :     flush stream buffer
[LOG] System::createSoundInternal              :     flush successful.
[LOG] System::createSoundInternal              :     switch file handle from small blocking single buffered to large nonblocking doublebuffered.
[LOG] SystemI::createSoundInternal             :     done.  OpenState now = FMOD_OPENSTATE_READY.

[LOG] AsyncThread::threadFunc                  : Finished Asynchronous operation on sound 0000000049C3FDF8
[LOG] SoundI::getSubSound                      : sound 0000000049C3FDF8.  Subsound index 0 / 1
[LOG] SoundI::getSubSound                      : starting non blocking seek and setting sound to not ready state
[LOG] SoundI::getSubSound                      : finished preparing nonblocking getSubSound seek
[LOG] AsyncThread::threadFunc                  : Starting Asynchronous operation on sound 0000000049C3FC48
[LOG] AsyncThread::threadFunc                  :     done setposition
[LOG] AsyncThread::threadFunc                  :     done flush
[LOG] AsyncThread::threadFunc                  : Finished Asynchronous operation on sound 0000000049C3FC48
[LOG] SoundI::release                          : BELL (0000000049C3FDF8)
[LOG] SoundI::release                          : remove stream samples. (0000000049C3FDF8)
[LOG] SoundI::release                          :     BELL (00000000417CE418)
[LOG] SoundI::release                          :     done
[LOG] SoundI::release                          : release subsounds. (0000000049C3FDF8)
[LOG] SoundI::release                          :     BELL (0000000049C3FC48)
[LOG] SoundI::release                          :     done
[LOG] SoundI::release                          : release codec. (0000000049C3FDF8)
[LOG] SoundI::release                          : done
[LOG] SystemI::createSound                     : filename = FMODProject\MusesSexton\Build\Desktop/Master Bank.bank : mode 02010082
[LOG] SystemI::createSound                     : FMOD_NONBLOCKING specified.  Putting into queue to be opened asynchronously!
[LOG] SystemI::createSound                     : setdata soundi = 0000000049C3EB68 : node = 00000000456F8520
[LOG] SystemI::createSound                     : add node to async list : head = 00000000417CD048.  list count = 0
[LOG] AsyncThread::threadFunc                  : Starting Asynchronous operation on sound 0000000049C3EB68
[LOG] SystemI::createSoundInternal             :     filename = FMODProject\MusesSexton\Build\Desktop/Master Bank.bank : mode 02010082
[LOG] SystemI::createSoundInternal             :     exinfo->cbsize             = 232
[LOG] SystemI::createSoundInternal             :     exinfo->length             = 6218624
[LOG] SystemI::createSoundInternal             :     exinfo->fileoffset         = 31136
[LOG] SystemI::createSoundInternal             :     exinfo->numsubsounds       = 1
[LOG] SystemI::createSoundInternal             :     exinfo->inclusionlist      = 00000000456F8638
[LOG] SystemI::createSoundInternal             :     exinfo->inclusionlistnum   = 1
[LOG] SystemI::createSoundInternal             :     exinfo->suggestedsoundtype = 5
[LOG] SystemI::createSoundInternal             :     exinfo->initialseekpostype = 1
[LOG] SystemI::createSoundInternal             :     Format has 1 subsounds.
[LOG] SystemI::createSoundInternal             :     Create as FMOD_CREATESTREAM
[LOG] System::createSoundInternal              :     decode buffersize = 19200 : blocksize = 256 : format = 2
[LOG] SystemI::createSample                    :     mode 02010082 length 19200 samples, lengthbytes 973888
[LOG] SystemI::createSample                    :     channels = 2
[LOG] SystemI::createSample                    :     output = 0000000044D0AFC8
[LOG] OutputSoftware::createSample             :     lengthpcm 19200, lengthbytes 973888, channels 2, format 2, freq 48000, mode 0201008a
[LOG] System::createSoundInternal              :     1 subsounds detected.
[LOG] System::createSoundInternal              :     Seek stream to start
[LOG] System::createSoundInternal              :     flush stream buffer
[LOG] System::createSoundInternal              :     flush successful.
[LOG] System::createSoundInternal              :     switch file handle from small blocking single buffered to large nonblocking doublebuffered.
[LOG] SystemI::createSoundInternal             :     done.  OpenState now = FMOD_OPENSTATE_READY.

[LOG] AsyncThread::threadFunc                  : Finished Asynchronous operation on sound 0000000049C3EB68
[LOG] SoundI::getSubSound                      : sound 0000000049C3EB68.  Subsound index 0 / 1
[LOG] SoundI::release                          : LOOP wind (000000002E269C98)
[LOG] SoundI::release                          : remove stream samples. (000000002E269C98)
[LOG] SoundI::release                          :     LOOP wind (00000000417CE0D8)
[LOG] SoundI::release                          :     done
[LOG] SoundI::release                          : release subsounds. (000000002E269C98)
[LOG] SoundI::release                          :     LOOP wind (0000000049C3FA98)
[LOG] SoundI::release                          :     done
[LOG] SoundI::release                          : release codec. (000000002E269C98)
[LOG] SoundI::release                          : done
[LOG] SystemI::createSound                     : filename = FMODProject\MusesSexton\Build\Desktop/Master Bank.bank : mode 02010082
[LOG] SystemI::createSound                     : FMOD_NONBLOCKING specified.  Putting into queue to be opened asynchronously!
[LOG] SystemI::createSound                     : setdata soundi = 0000000049C3F228 : node = 00000000456F9630
[LOG] SystemI::createSound                     : add node to async list : head = 00000000417CD048.  list count = 0
[LOG] AsyncThread::threadFunc                  : Starting Asynchronous operation on sound 0000000049C3F228
[LOG] SystemI::createSound                     : filename = FMODProject\MusesSexton\Build\Desktop/Master Bank.bank : mode 02010082
[LOG] SystemI::createSoundInternal             :     filename = FMODProject\MusesSexton\Build\Desktop/Master Bank.bank : mode 02010082
[LOG] SystemI::createSound                     :     FMOD_NONBLOCKING specified.  Putting into queue to be opened asynchronously!
[LOG] SystemI::createSoundInternal             :     exinfo->cbsize             = 232
[LOG] SystemI::createSound                     :     setdata soundi = 0000000049C3F588 : node = 00000000456F98D0
[LOG] SystemI::createSoundInternal             :     exinfo->length             = 6218624
[LOG] SystemI::createSound                     :     add node to async list : head = 00000000417CD048.  list count = 0
[LOG] SystemI::createSoundInternal             :     exinfo->fileoffset         = 31136
[LOG] SystemI::createSoundInternal             :     exinfo->numsubsounds       = 1
[LOG] SystemI::createSound                     :     filename = FMODProject\MusesSexton\Build\Desktop/Master Bank.bank : mode 02010082
[LOG] SystemI::createSoundInternal             :     exinfo->inclusionlist      = 00000000456F9748
[LOG] SystemI::createSound                     :     FMOD_NONBLOCKING specified.  Putting into queue to be opened asynchronously!
[LOG] SystemI::createSoundInternal             :     exinfo->inclusionlistnum   = 1
[LOG] SystemI::createSound                     :     setdata soundi = 0000000049C3ED18 : node = 00000000456F9780
[LOG] SystemI::createSoundInternal             :     exinfo->suggestedsoundtype = 5
[LOG] SystemI::createSound                     :     add node to async list : head = 00000000417CD048.  list count = 1
[LOG] SystemI::createSoundInternal             :     exinfo->initialseekposition = 50
[LOG] SystemI::createSoundInternal             :     exinfo->initialseekpostype = 1
[LOG] SystemI::createSound                     :     filename = FMODProject\MusesSexton\Build\Desktop/Master Bank.bank : mode 02010082
[LOG] SystemI::createSound                     :     FMOD_NONBLOCKING specified.  Putting into queue to be opened asynchronously!
[LOG] SystemI::createSound                     :     setdata soundi = 0000000049C3EEC8 : node = 00000000456F8BB0
[LOG] SystemI::createSound                     :     add node to async list : head = 00000000417CD048.  list count = 2
[LOG] SystemI::createSoundInternal             :     Format has 1 subsounds.
[LOG] SystemI::createSoundInternal             :     Create as FMOD_CREATESTREAM
[LOG] System::createSoundInternal              :     decode buffersize = 19200 : blocksize = 256 : format = 2
[LOG] SystemI::createSample                    :     mode 02010082 length 19200 samples, lengthbytes 966144
[LOG] SystemI::createSample                    :     channels = 2
[LOG] SystemI::createSample                    :     output = 0000000044D0AFC8
[LOG] OutputSoftware::createSample             :     lengthpcm 19200, lengthbytes 966144, channels 2, format 2, freq 48000, mode 0201008a
[LOG] System::createSoundInternal              :     1 subsounds detected.
[LOG] System::createSoundInternal              :     Seek stream to start
[LOG] System::createSoundInternal              :     flush stream buffer
[LOG] System::createSoundInternal              :     flush successful.
[LOG] System::createSoundInternal              :     switch file handle from small blocking single buffered to large nonblocking doublebuffered.
[LOG] SystemI::createSoundInternal             :     done.  OpenState now = FMOD_OPENSTATE_READY.

[LOG] AsyncThread::threadFunc                  : Finished Asynchronous operation on sound 0000000049C3F228
[LOG] AsyncThread::threadFunc                  : Starting Asynchronous operation on sound 0000000049C3F588
[LOG] SystemI::createSoundInternal             :     filename = FMODProject\MusesSexton\Build\Desktop/Master Bank.bank : mode 02010082
[LOG] SystemI::createSoundInternal             :     exinfo->cbsize             = 232
[LOG] SystemI::createSoundInternal             :     exinfo->length             = 6218624
[LOG] SystemI::createSoundInternal             :     exinfo->fileoffset         = 31136
[LOG] SystemI::createSoundInternal             :     exinfo->numsubsounds       = 1
[LOG] SystemI::createSoundInternal             :     exinfo->inclusionlist      = 00000000456F99E8
[LOG] SystemI::createSoundInternal             :     exinfo->inclusionlistnum   = 1
[LOG] SystemI::createSoundInternal             :     exinfo->suggestedsoundtype = 5
[LOG] SystemI::createSoundInternal             :     exinfo->initialseekposition = 50
[LOG] SystemI::createSoundInternal             :     exinfo->initialseekpostype = 1
[LOG] SystemI::createSoundInternal             :     Format has 1 subsounds.
[LOG] SystemI::createSoundInternal             :     Create as FMOD_CREATESTREAM
[LOG] System::createSoundInternal              :     decode buffersize = 19200 : blocksize = 256 : format = 2
[LOG] SystemI::createSample                    :     mode 02010082 length 19200 samples, lengthbytes 1168864
[LOG] SystemI::createSample                    :     channels = 2
[LOG] SystemI::createSample                    :     output = 0000000044D0AFC8
[LOG] OutputSoftware::createSample             :     lengthpcm 19200, lengthbytes 1168864, channels 2, format 2, freq 48000, mode 0201008a
[LOG] System::createSoundInternal              :     1 subsounds detected.
[LOG] System::createSoundInternal              :     Seek stream to start
[LOG] System::createSoundInternal              :     flush stream buffer
[LOG] System::createSoundInternal              :     flush successful.
[LOG] System::createSoundInternal              :     switch file handle from small blocking single buffered to large nonblocking doublebuffered.
[LOG] SystemI::createSoundInternal             :     done.  OpenState now = FMOD_OPENSTATE_READY.

[LOG] AsyncThread::threadFunc                  : Finished Asynchronous operation on sound 0000000049C3F588
[LOG] AsyncThread::threadFunc                  : Starting Asynchronous operation on sound 0000000049C3ED18
[LOG] SystemI::createSoundInternal             :     filename = FMODProject\MusesSexton\Build\Desktop/Master Bank.bank : mode 02010082
[LOG] SystemI::createSoundInternal             :     exinfo->cbsize             = 232
[LOG] SystemI::createSoundInternal             :     exinfo->length             = 6218624
[LOG] SystemI::createSoundInternal             :     exinfo->fileoffset         = 31136
[LOG] SystemI::createSoundInternal             :     exinfo->numsubsounds       = 1
[LOG] SystemI::createSoundInternal             :     exinfo->inclusionlist      = 00000000456F9898
[LOG] SystemI::createSoundInternal             :     exinfo->inclusionlistnum   = 1
[LOG] SystemI::createSoundInternal             :     exinfo->suggestedsoundtype = 5
[LOG] SystemI::createSoundInternal             :     exinfo->initialseekposition = 50
[LOG] SystemI::createSoundInternal             :     exinfo->initialseekpostype = 1
[LOG] SystemI::createSoundInternal             :     Format has 1 subsounds.
[LOG] SystemI::createSoundInternal             :     Create as FMOD_CREATESTREAM
[LOG] System::createSoundInternal              :     decode buffersize = 19200 : blocksize = 256 : format = 2
[LOG] SystemI::createSample                    :     mode 02010082 length 19200 samples, lengthbytes 998464
[LOG] SystemI::createSample                    :     channels = 2
[LOG] SystemI::createSample                    :     output = 0000000044D0AFC8
[LOG] OutputSoftware::createSample             :     lengthpcm 19200, lengthbytes 998464, channels 2, format 2, freq 48000, mode 0201008a
[LOG] System::createSoundInternal              :     1 subsounds detected.
[LOG] System::createSoundInternal              :     Seek stream to start
[LOG] System::createSoundInternal              :     flush stream buffer
[LOG] System::createSoundInternal              :     flush successful.
[LOG] System::createSoundInternal              :     switch file handle from small blocking single buffered to large nonblocking doublebuffered.
[LOG] SystemI::createSoundInternal             :     done.  OpenState now = FMOD_OPENSTATE_READY.

[LOG] AsyncThread::threadFunc                  : Finished Asynchronous operation on sound 0000000049C3ED18
[LOG] AsyncThread::threadFunc                  : Starting Asynchronous operation on sound 0000000049C3EEC8
[LOG] SystemI::createSoundInternal             :     filename = FMODProject\MusesSexton\Build\Desktop/Master Bank.bank : mode 02010082
[LOG] SystemI::createSoundInternal             :     exinfo->cbsize             = 232
[LOG] SystemI::createSoundInternal             :     exinfo->length             = 6218624
[LOG] SystemI::createSoundInternal             :     exinfo->fileoffset         = 31136
[LOG] SystemI::createSoundInternal             :     exinfo->numsubsounds       = 1
[LOG] SystemI::createSoundInternal             :     exinfo->inclusionlist      = 00000000456F8CC8
[LOG] SystemI::createSoundInternal             :     exinfo->inclusionlistnum   = 1
[LOG] SystemI::createSoundInternal             :     exinfo->suggestedsoundtype = 5
[LOG] SystemI::createSoundInternal             :     exinfo->initialseekposition = 50
[LOG] SystemI::createSoundInternal             :     exinfo->initialseekpostype = 1
[LOG] SystemI::createSoundInternal             :     Format has 1 subsounds.
[LOG] SystemI::createSoundInternal             :     Create as FMOD_CREATESTREAM
[LOG] System::createSoundInternal              :     decode buffersize = 19200 : blocksize = 256 : format = 2
[LOG] SystemI::createSample                    :     mode 02010082 length 19200 samples, lengthbytes 1178528
[LOG] SystemI::createSample                    :     channels = 2
[LOG] SystemI::createSample                    :     output = 0000000044D0AFC8
[LOG] OutputSoftware::createSample             :     lengthpcm 19200, lengthbytes 1178528, channels 2, format 2, freq 48000, mode 0201008a
[LOG] System::createSoundInternal              :     1 subsounds detected.
[LOG] System::createSoundInternal              :     Seek stream to start
[LOG] System::createSoundInternal              :     flush stream buffer
[LOG] System::createSoundInternal              :     flush successful.
[LOG] System::createSoundInternal              :     switch file handle from small blocking single buffered to large nonblocking doublebuffered.
[LOG] SystemI::createSoundInternal             :     done.  OpenState now = FMOD_OPENSTATE_READY.

[LOG] AsyncThread::threadFunc                  : Finished Asynchronous operation on sound 0000000049C3EEC8
[LOG] SoundI::getSubSound                      : sound 0000000049C3F228.  Subsound index 0 / 1
[LOG] SoundI::getSubSound                      : sound 0000000049C3F588.  Subsound index 0 / 1
[LOG] SoundI::getSubSound                      : sound 0000000049C3ED18.  Subsound index 0 / 1
[LOG] SoundI::getSubSound                      : sound 0000000049C3EEC8.  Subsound index 0 / 1
[LOG] SoundI::release                          : music_perc (000000002E269AE8)
[LOG] SoundI::release                          : remove stream samples. (000000002E269AE8)
[LOG] SoundI::release                          :     music_perc (00000000417CDF38)
[LOG] SoundI::release                          :     done
[LOG] SoundI::release                          : release subsounds. (000000002E269AE8)
[LOG] SoundI::release                          :     music_perc (0000000049C40818)
[LOG] SoundI::release                          :     done
[LOG] SoundI::release                          : release codec. (000000002E269AE8)
[LOG] SoundI::release                          : done
[LOG] SoundI::release                          : music_1 (000000002E26A6B8)
[LOG] SoundI::release                          : remove stream samples. (000000002E26A6B8)
[LOG] SoundI::release                          :     music_1 (00000000417CD8B8)
[LOG] SoundI::release                          :     done
[LOG] SoundI::release                          : release subsounds. (000000002E26A6B8)
[LOG] SoundI::release                          :     music_1 (0000000049C40668)
[LOG] SoundI::release                          :     done
[LOG] SoundI::release                          : release codec. (000000002E26A6B8)
[LOG] SoundI::release                          : done
[LOG] SoundI::release                          : music_2 (000000002E269938)
[LOG] SoundI::release                          : remove stream samples. (000000002E269938)
[LOG] SoundI::release                          :     music_2 (00000000417CDD98)
[LOG] SoundI::release                          :     done
[LOG] SoundI::release                          : release subsounds. (000000002E269938)
[LOG] SoundI::release                          :     music_2 (000000002E269FF8)
[LOG] SoundI::release                          :     done
[LOG] SoundI::release                          : release codec. (000000002E269938)
[LOG] SoundI::release                          : done
[LOG] SoundI::release                          : music_3 (000000002E26A358)
[LOG] SoundI::release                          : remove stream samples. (000000002E26A358)
[LOG] SoundI::release                          :     music_3 (00000000417CE278)
[LOG] SoundI::release                          :     done
[LOG] SoundI::release                          : release subsounds. (000000002E26A358)
[LOG] SoundI::release                          :     music_3 (000000002E269E48)
[LOG] SoundI::release                          :     done
[LOG] SoundI::release                          : release codec. (000000002E26A358)
[LOG] SoundI::release                          : done
[LOG] AsyncThread::threadFunc                  : Starting Asynchronous operation on sound 0000000049C3F078
[LOG] AsyncThread::threadFunc                  : Finished Asynchronous operation on sound 0000000049C3F078
[LOG] AsyncThread::threadFunc                  : Starting Asynchronous operation on sound 0000000049C3FFA8
[LOG] AsyncThread::threadFunc                  : Finished Asynchronous operation on sound 0000000049C3FFA8
[LOG] AsyncThread::threadFunc                  : Starting Asynchronous operation on sound 0000000049C3FDF8
[LOG] SoundI::release                          :     LOOP wind (0000000049C3EB68)
[LOG] AsyncThread::threadFunc                  : Finished Asynchronous operation on sound 0000000049C3FDF8
[LOG] AsyncThread::threadFunc                  : Starting Asynchronous operation on sound 0000000049C40308
[LOG] AsyncThread::threadFunc                  : Finished Asynchronous operation on sound 0000000049C40308
[LOG] SoundI::release                          : remove stream samples. (0000000049C3EB68)
[LOG] SoundI::release                          :     LOOP wind (00000000417CE418)
[LOG] SoundI::release                          :     done
[LOG] SoundI::release                          : release subsounds. (0000000049C3EB68)
[LOG] SoundI::release                          :     LOOP wind (0000000049C40308)
[LOG] SoundI::release                          :     done
[LOG] SoundI::release                          : release codec. (0000000049C3EB68)
[LOG] SoundI::release                          : done
[LOG] SoundI::release                          : music_perc (0000000049C3EEC8)
[LOG] SoundI::release                          : remove stream samples. (0000000049C3EEC8)
[LOG] SoundI::release                          :     music_perc (000000004A4C3B88)
[LOG] SoundI::release                          :     done
[LOG] SoundI::release                          : release subsounds. (0000000049C3EEC8)
[LOG] SoundI::release                          :     music_perc (0000000049C3FA98)
[LOG] SoundI::release                          :     done
[LOG] SoundI::release                          : release codec. (0000000049C3EEC8)
[LOG] SoundI::release                          : done
[LOG] SoundI::release                          : music_1 (0000000049C3ED18)
[LOG] SoundI::release                          : remove stream samples. (0000000049C3ED18)
[LOG] SoundI::release                          :     music_1 (000000004A4C5248)
[LOG] SoundI::release                          :     done
[LOG] SoundI::release                          : release subsounds. (0000000049C3ED18)
[LOG] SoundI::release                          :     music_1 (0000000049C3FFA8)
[LOG] SoundI::release                          :     done
[LOG] SoundI::release                          : release codec. (0000000049C3ED18)
[LOG] SoundI::release                          : done
[LOG] SoundI::release                          : music_2 (0000000049C3F588)
[LOG] SoundI::release                          : remove stream samples. (0000000049C3F588)
[LOG] SoundI::release                          :     music_2 (000000004A4C3848)
[LOG] SoundI::release                          :     done
[LOG] SoundI::release                          : release subsounds. (0000000049C3F588)
[LOG] SoundI::release                          :     music_2 (0000000049C3F078)
[LOG] SoundI::release                          :     done
[LOG] SoundI::release                          : release codec. (0000000049C3F588)
[LOG] SoundI::release                          : done
[LOG] SoundI::release                          : music_3 (0000000049C3F228)
[LOG] SoundI::release                          : remove stream samples. (0000000049C3F228)
[LOG] SoundI::release                          :     music_3 (00000000417CE0D8)
[LOG] SoundI::release                          :     done
[LOG] SoundI::release                          : release subsounds. (0000000049C3F228)
[LOG] SoundI::release                          :     music_3 (0000000049C3FDF8)
[LOG] SoundI::release                          :     done
[LOG] SoundI::release                          : release codec. (0000000049C3F228)
[LOG] SoundI::release                          : done
[LOG] SoundI::release                          :  (000000002E02A4F8)
[LOG] SoundI::release                          : release subsounds. (000000002E02A4F8)
[LOG] SoundI::release                          :     pickup coffin (000000000D49BE38)
[LOG] SoundI::release                          :     done
[LOG] SoundI::release                          : release codec. (000000002E02A4F8)
[LOG] SoundI::release                          : done
[LOG] SoundI::release                          :  (0000000041841DD8)
[LOG] SoundI::release                          : release subsounds. (0000000041841DD8)
[LOG] SoundI::release                          :     tone1 (000000000D49CCD8)
[LOG] SoundI::release                          :     done
[LOG] SoundI::release                          : release codec. (0000000041841DD8)
[LOG] SoundI::release                          : done
[LOG] SoundI::release                          :  (000000002E0293B8)
[LOG] SoundI::release                          : release subsounds. (000000002E0293B8)
[LOG] SoundI::release                          :     tone2 (000000000D49DB78)
[LOG] SoundI::release                          :     done
[LOG] SoundI::release                          : release codec. (000000002E0293B8)
[LOG] SoundI::release                          : done
[LOG] SoundI::release                          :  (000000002E0290D8)
[LOG] SoundI::release                          : release subsounds. (000000002E0290D8)
[LOG] SoundI::release                          :     tone3 (000000000D49C4B8)
[LOG] SoundI::release                          :     done
[LOG] SoundI::release                          : release codec. (000000002E0290D8)
[LOG] SoundI::release                          : done
[LOG] SoundI::release                          :  (000000002E029F38)
[LOG] SoundI::release                          : release subsounds. (000000002E029F38)
[LOG] SoundI::release                          :     tone4 (000000000D49D838)
[LOG] SoundI::release                          :     done
[LOG] SoundI::release                          : release codec. (000000002E029F38)
[LOG] SoundI::release                          : done
[LOG] SoundI::release                          :  (000000002E02A218)
[LOG] SoundI::release                          : release subsounds. (000000002E02A218)
[LOG] SoundI::release                          :     tone5 (000000000D49BFD8)
[LOG] SoundI::release                          :     done
[LOG] SoundI::release                          : release codec. (000000002E02A218)
[LOG] SoundI::release                          : done
[LOG] SoundI::release                          :  (0000000041842C38)
[LOG] SoundI::release                          : release subsounds. (0000000041842C38)
[LOG] SoundI::release                          :     tone6 (000000000D49C658)
[LOG] SoundI::release                          :     done
[LOG] SoundI::release                          : release codec. (0000000041842C38)
[LOG] SoundI::release                          : done
[LOG] SoundI::release                          :  (000000002E029DC8)
[LOG] SoundI::release                          : release subsounds. (000000002E029DC8)
[LOG] SoundI::release                          :     cart loop (000000000D49D698)
[LOG] SoundI::release                          :     done
[LOG] SoundI::release                          : release codec. (000000002E029DC8)
[LOG] SoundI::release                          : done
[LOG] SoundI::release                          :  (000000002E02AAB8)
[LOG] SoundI::release                          : release subsounds. (000000002E02AAB8)
[LOG] SoundI::release                          :     throw coffin (000000000D49CB38)
[LOG] SoundI::release                          :     done
[LOG] SoundI::release                          : release codec. (000000002E02AAB8)
[LOG] SoundI::release                          : done
[LOG] SoundI::release                          :  (000000002E029C58)
[LOG] SoundI::release                          : release subsounds. (000000002E029C58)
[LOG] SoundI::release                          :     fsteps3 (000000000D49C998)
[LOG] SoundI::release                          :     done
[LOG] SoundI::release                          : release codec. (000000002E029C58)
[LOG] SoundI::release                          : done
[LOG] SoundI::release                          :  (00000000418413C8)
[LOG] SoundI::release                          : release subsounds. (00000000418413C8)
[LOG] SoundI::release                          :     fsteps4 (000000000D49C178)
[LOG] SoundI::release                          :     done
[LOG] SoundI::release                          : release codec. (00000000418413C8)
[LOG] SoundI::release                          : done
[LOG] SoundI::release                          :  (000000002E028F68)
[LOG] SoundI::release                          : release subsounds. (000000002E028F68)
[LOG] SoundI::release                          :     fsteps5 (000000000D49C7F8)
[LOG] SoundI::release                          :     done
[LOG] SoundI::release                          : release codec. (000000002E028F68)
[LOG] SoundI::release                          : done
[LOG] SoundI::release                          :  (000000002E02A0A8)
[LOG] SoundI::release                          : release subsounds. (000000002E02A0A8)
[LOG] SoundI::release                          :     shovel1 (000000000D49D9D8)
[LOG] SoundI::release                          :     done
[LOG] SoundI::release                          : release codec. (000000002E02A0A8)
[LOG] SoundI::release                          : done
[LOG] SoundI::release                          :  (000000002E029978)
[LOG] SoundI::release                          : release subsounds. (000000002E029978)
[LOG] SoundI::release                          :     shovel2 (000000000D49D358)
[LOG] SoundI::release                          :     done
[LOG] SoundI::release                          : release codec. (000000002E029978)
[LOG] SoundI::release                          : done
[LOG] SoundI::release                          :  (000000002E029698)
[LOG] SoundI::release                          : release subsounds. (000000002E029698)
[LOG] SoundI::release                          :     shovel3 (000000000D49D4F8)
[LOG] SoundI::release                          :     done
[LOG] SoundI::release                          : release codec. (000000002E029698)
[LOG] SoundI::release                          : done
[LOG] Thread::callback                         : FMOD Studio update thread finished.
[LOG] Thread::callback                         : FMOD Studio bank load thread finished.
[LOG] Profile::disconnectAll                   : Profiler disconnecting all clients
[LOG] Thread::callback                         : FMOD Studio sample load thread finished.
[LOG] LiveUpdate::release                      : 
[LOG] LiveUpdate::reset                        : Reset connection (reason Disconnected)
[LOG] SystemI::close                           : 
[LOG] SystemI::close                           : Stop all sounds
[LOG] Thread::callback                         : FMOD stream thread finished.
[LOG] SystemI::close                           : Stream thread destroyed
[LOG] Thread::callback                         : FMOD mixer thread finished.
[LOG] SystemI::close                           : Free master channel group.
[LOG] SystemI::close                           : Remove 'master' sound group.
[LOG] SystemI::close                           : Free software output.
[LOG] SystemI::close                           : Free emulated output.
[LOG] SystemI::close                           : Free channel pool.
[LOG] Thread::callback                         : FMOD nonblocking thread (0) finished.
[LOG] Thread::callback                         : FMOD file thread finished.
[LOG] SystemI::close                           : done.

