[LOG] System::create                           : Header version = 1.09.01. Current version = 1.09.01.
[LOG] Manager::init                            : maxchannels = 256 studioflags = 00000006 flags 00000000 extradriverdata 0000000000000000.
[LOG] SystemI::init                            : FMOD Studio Version: 00010901 (84161)
[LOG] SystemI::init                            : maxchannels = 256, flags = 00020000, extradriverdata = 0000000000000000
[LOG] SystemI::setOutputInternal               : Setting output to type 0
[LOG] SystemI::setOutputInternal               : Setting output to type 8
[LOG] SystemI::setOutputInternal               : Setting output to type 8
[LOG] OutputWASAPI::init                       : Mix Format (WAVEFORMATEX): wFormatTag=0xFFFE, nChannels=2, nSamplesPerSec=48000, nAvgBytesPerSec=384000, nBlockAlign=8, wBitsPerSample=32, cbSize=22.
[LOG] OutputWASAPI::init                       : Mix Format (WAVEFORMATEXTENSIBLE): wValidBitsPerSample=32, dwChannelMask=0x00000003, SubFormat=00000003-0000-0010-8000-00AA00389B71.
[LOG] OutputWASAPI::init                       : Output buffer size: 4096 samples, latency: 0.00ms, period: 10.00ms, DSP buffer: 1024 * 4
[LOG] SystemI::init                            : Create master channel group and master sound group.
[LOG] SystemI::init                            : Set up emulated output.  256 channels
[LOG] SystemI::init                            : create the channel pool
[LOG] SystemI::init                            : create the stream thread
[LOG] Thread::initThread                       : Init FMOD stream thread. Priority: 2, Stack Size: 65536, Semaphore: No, Sleep Time: 10, Looping: Yes.
[LOG] Thread::initThread                       : Init FMOD mixer thread. Priority: 3, Stack Size: 49152, Semaphore: No, Sleep Time: 0, Looping: Yes.
[LOG] AsyncManager::init                       : manager 00000000000FD768 isAsync 0 updatePeriod 0.02
[LOG] AsyncManager::init                       : done
[LOG] PlaybackSystem::init                     : 
[LOG] Thread::initThread                       : Init FMOD Studio sample load thread. Priority: 0, Stack Size: 65536, Semaphore: No, Sleep Time: 1, Looping: No.
[LOG] PlaybackSystem::init                     : done
[LOG] Thread::initThread                       : Init FMOD Studio bank load thread. Priority: 0, Stack Size: 65536, Semaphore: No, Sleep Time: 1, Looping: No.
[LOG] Manager::init                            : done.
[LOG] Manager::readBank                        : fileversion = 88, compatVersion = 86 (oldest = 44, newest = 88)
[LOG] SystemI::createSound                     : filename = FMODProject\MusesSexton\Build\Desktop/Master Bank.bank : mode 02010082
[LOG] SystemI::createSound                     : FMOD_NONBLOCKING specified.  Putting into queue to be opened asynchronously!
[LOG] SystemI::createSound                     : setdata soundi = 000000003287BBB8 : node = 0000000032338220
[LOG] SystemI::createSound                     : add node to async list : head = 000000003280BD18.  list count = 0
[LOG] SystemI::createSound                     : filename = FMODProject\MusesSexton\Build\Desktop/Master Bank.bank : mode 02010082
[LOG] AsyncThread::threadFunc                  : Starting Asynchronous operation on sound 000000003287BBB8
[LOG] SystemI::createSound                     : FMOD_NONBLOCKING specified.  Putting into queue to be opened asynchronously!
[LOG] SystemI::createSoundInternal             :     filename = FMODProject\MusesSexton\Build\Desktop/Master Bank.bank : mode 02010082
[LOG] SystemI::createSound                     :     setdata soundi = 000000003287BD68 : node = 0000000032338F40
[LOG] SystemI::createSoundInternal             :     exinfo->cbsize             = 232
[LOG] SystemI::createSound                     :     add node to async list : head = 000000003280BD18.  list count = 0
[LOG] SystemI::createSoundInternal             :     exinfo->length             = 6218624
[LOG] SystemI::createSoundInternal             :     exinfo->fileoffset         = 31392
[LOG] SystemI::createSoundInternal             :     exinfo->numsubsounds       = 1
[LOG] SystemI::createSoundInternal             :     exinfo->inclusionlist      = 0000000032338338
[LOG] SystemI::createSoundInternal             :     exinfo->inclusionlistnum   = 1
[LOG] SystemI::createSoundInternal             :     exinfo->suggestedsoundtype = 5
[LOG] SystemI::createSoundInternal             :     exinfo->initialseekpostype = 1
[LOG] SystemI::createSoundInternal             :     Format has 1 subsounds.
[LOG] SystemI::createSoundInternal             :     Create as FMOD_CREATESTREAM
[LOG] System::createSoundInternal              :     decode buffersize = 19200 : blocksize = 256 : format = 2
[LOG] SystemI::createSample                    :     mode 02010082 length 19200 samples, lengthbytes 221664
[LOG] SystemI::createSample                    :     channels = 2
[LOG] SystemI::createSample                    :     output = 0000000000184BB8
[LOG] OutputSoftware::createSample             :     lengthpcm 19200, lengthbytes 221664, channels 2, format 2, freq 48000, mode 0201008a
[LOG] System::createSoundInternal              :     1 subsounds detected.
[LOG] System::createSoundInternal              :     Seek stream to start
[LOG] System::createSoundInternal              :     flush stream buffer
[LOG] System::createSoundInternal              :     flush successful.
[LOG] System::createSoundInternal              :     switch file handle from small blocking single buffered to large nonblocking doublebuffered.
[LOG] SystemI::createSoundInternal             :     done.  OpenState now = FMOD_OPENSTATE_READY.

[LOG] AsyncThread::threadFunc                  : Finished Asynchronous operation on sound 000000003287BBB8
[LOG] AsyncThread::threadFunc                  : Starting Asynchronous operation on sound 000000003287BD68
[LOG] SystemI::createSoundInternal             :     filename = FMODProject\MusesSexton\Build\Desktop/Master Bank.bank : mode 02010082
[LOG] SystemI::createSoundInternal             :     exinfo->cbsize             = 232
[LOG] SystemI::createSoundInternal             :     exinfo->length             = 6218624
[LOG] SystemI::createSoundInternal             :     exinfo->fileoffset         = 31392
[LOG] SystemI::createSoundInternal             :     exinfo->numsubsounds       = 1
[LOG] SystemI::createSoundInternal             :     exinfo->inclusionlist      = 0000000032339058
[LOG] SystemI::createSoundInternal             :     exinfo->inclusionlistnum   = 1
[LOG] SystemI::createSoundInternal             :     exinfo->suggestedsoundtype = 5
[LOG] SystemI::createSoundInternal             :     exinfo->initialseekpostype = 1
[LOG] SystemI::createSoundInternal             :     Format has 1 subsounds.
[LOG] SystemI::createSoundInternal             :     Create as FMOD_CREATESTREAM
[LOG] System::createSoundInternal              :     decode buffersize = 19200 : blocksize = 256 : format = 2
[LOG] SystemI::createSample                    :     mode 02010082 length 19200 samples, lengthbytes 973888
[LOG] SystemI::createSample                    :     channels = 2
[LOG] SystemI::createSample                    :     output = 0000000000184BB8
[LOG] OutputSoftware::createSample             :     lengthpcm 19200, lengthbytes 973888, channels 2, format 2, freq 48000, mode 0201008a
[LOG] System::createSoundInternal              :     1 subsounds detected.
[LOG] System::createSoundInternal              :     Seek stream to start
[LOG] System::createSoundInternal              :     flush stream buffer
[LOG] System::createSoundInternal              :     flush successful.
[LOG] System::createSoundInternal              :     switch file handle from small blocking single buffered to large nonblocking doublebuffered.
[LOG] SystemI::createSoundInternal             :     done.  OpenState now = FMOD_OPENSTATE_READY.

[LOG] AsyncThread::threadFunc                  : Finished Asynchronous operation on sound 000000003287BD68
[LOG] SoundI::getSubSound                      : sound 000000003287BBB8.  Subsound index 0 / 1
[LOG] SoundI::getSubSound                      : starting non blocking seek and setting sound to not ready state
[LOG] SoundI::getSubSound                      : finished preparing nonblocking getSubSound seek
[LOG] SoundI::getSubSound                      : sound 000000003287BD68.  Subsound index 0 / 1
[LOG] AsyncThread::threadFunc                  : Starting Asynchronous operation on sound 000000003287C5D8
[LOG] AsyncThread::threadFunc                  :     done setposition
[LOG] AsyncThread::threadFunc                  :     done flush
[LOG] AsyncThread::threadFunc                  : Finished Asynchronous operation on sound 000000003287C5D8
[LOG] Manager::readBank                        : fileversion = 88, compatVersion = 86 (oldest = 44, newest = 88)
[LOG] Manager::readBank                        : fileversion = 88, compatVersion = 86 (oldest = 44, newest = 88)
[LOG] AsyncThread::threadFunc                  : Starting Asynchronous operation on sound 000000003287C5D8
[LOG] AsyncThread::threadFunc                  : Finished Asynchronous operation on sound 000000003287C5D8
[LOG] AsyncThread::threadFunc                  : Starting Asynchronous operation on sound 000000003287B858
[LOG] SoundI::release                          :     LOOP wind (000000003287BD68)
[LOG] AsyncThread::threadFunc                  : Finished Asynchronous operation on sound 000000003287B858
[LOG] SoundI::release                          : remove stream samples. (000000003287BD68)
[LOG] SoundI::release                          :     LOOP wind (000000003288BE58)
[LOG] SoundI::release                          :     done
[LOG] SoundI::release                          : release subsounds. (000000003287BD68)
[LOG] SoundI::release                          :     LOOP wind (000000003287B858)
[LOG] SoundI::release                          :     done
[LOG] SoundI::release                          : release codec. (000000003287BD68)
[LOG] SoundI::release                          : done
[LOG] SoundI::release                          : music_perc (000000000FE8C528)
[LOG] SoundI::release                          : remove stream samples. (000000000FE8C528)
[LOG] SoundI::release                          :     music_perc (000000003288BCB8)
[LOG] SoundI::release                          :     done
[LOG] SoundI::release                          : release subsounds. (000000000FE8C528)
[LOG] SoundI::release                          :     music_perc (000000003287AC88)
[LOG] SoundI::release                          :     done
[LOG] SoundI::release                          : release codec. (000000000FE8C528)
[LOG] SoundI::release                          : done
[LOG] SoundI::release                          : music_1 (000000000FE8C378)
[LOG] SoundI::release                          : remove stream samples. (000000000FE8C378)
[LOG] SoundI::release                          :     music_1 (000000003288C338)
[LOG] SoundI::release                          :     done
[LOG] SoundI::release                          : release subsounds. (000000000FE8C378)
[LOG] SoundI::release                          :     music_1 (000000000FE8BE68)
[LOG] SoundI::release                          :     done
[LOG] SoundI::release                          : release codec. (000000000FE8C378)
[LOG] SoundI::release                          : done
[LOG] SoundI::release                          : music_2 (000000000FE8C1C8)
[LOG] SoundI::release                          : remove stream samples. (000000000FE8C1C8)
[LOG] SoundI::release                          :     music_2 (000000003288B638)
[LOG] SoundI::release                          :     done
[LOG] SoundI::release                          : release subsounds. (000000000FE8C1C8)
[LOG] SoundI::release                          :     music_2 (000000000FE8BCB8)
[LOG] SoundI::release                          :     done
[LOG] SoundI::release                          : release codec. (000000000FE8C1C8)
[LOG] SoundI::release                          : done
[LOG] SoundI::release                          : music_3 (000000000FE8C018)
[LOG] SoundI::release                          : remove stream samples. (000000000FE8C018)
[LOG] SoundI::release                          :     music_3 (000000003280A6A8)
[LOG] SoundI::release                          :     done
[LOG] SoundI::release                          : release subsounds. (000000000FE8C018)
[LOG] SoundI::release                          :     music_3 (000000000FE8BB08)
[LOG] SoundI::release                          :     done
[LOG] SoundI::release                          : release codec. (000000000FE8C018)
[LOG] SoundI::release                          : done
[LOG] SoundI::release                          : BELL (000000003287BBB8)
[LOG] SoundI::release                          : remove stream samples. (000000003287BBB8)
[LOG] SoundI::release                          :     BELL (000000003288B7D8)
[LOG] SoundI::release                          :     done
[LOG] SoundI::release                          : release subsounds. (000000003287BBB8)
[LOG] SoundI::release                          :     BELL (000000003287C5D8)
[LOG] SoundI::release                          :     done
[LOG] SoundI::release                          : release codec. (000000003287BBB8)
[LOG] SoundI::release                          : done
[LOG] SoundI::release                          :  (000000003289CD18)
[LOG] SoundI::release                          : release subsounds. (000000003289CD18)
[LOG] SoundI::release                          :     tone1 (000000003280A9E8)
[LOG] SoundI::release                          :     done
[LOG] SoundI::release                          : release codec. (000000003289CD18)
[LOG] SoundI::release                          : done
[LOG] SoundI::release                          :  (0000000010A0ECC8)
[LOG] SoundI::release                          : release subsounds. (0000000010A0ECC8)
[LOG] SoundI::release                          :     tone2 (000000000FF24988)
[LOG] SoundI::release                          :     done
[LOG] SoundI::release                          : release codec. (0000000010A0ECC8)
[LOG] SoundI::release                          : done
[LOG] SoundI::release                          :  (000000003289B8F8)
[LOG] SoundI::release                          : release subsounds. (000000003289B8F8)
[LOG] SoundI::release                          :     tone3 (000000000FF25828)
[LOG] SoundI::release                          :     done
[LOG] SoundI::release                          : release codec. (000000003289B8F8)
[LOG] SoundI::release                          : done
[LOG] SoundI::release                          :  (000000003289CA38)
[LOG] SoundI::release                          : release subsounds. (000000003289CA38)
[LOG] SoundI::release                          :     tone4 (000000000FF24648)
[LOG] SoundI::release                          :     done
[LOG] SoundI::release                          : release codec. (000000003289CA38)
[LOG] SoundI::release                          : done
[LOG] SoundI::release                          :  (0000000010A106A8)
[LOG] SoundI::release                          : release subsounds. (0000000010A106A8)
[LOG] SoundI::release                          :     tone5 (000000000FF254E8)
[LOG] SoundI::release                          :     done
[LOG] SoundI::release                          : release codec. (0000000010A106A8)
[LOG] SoundI::release                          : done
[LOG] SoundI::release                          :  (000000003289C758)
[LOG] SoundI::release                          : release subsounds. (000000003289C758)
[LOG] SoundI::release                          :     tone6 (000000000FF23C88)
[LOG] SoundI::release                          :     done
[LOG] SoundI::release                          : release codec. (000000003289C758)
[LOG] SoundI::release                          : done
[LOG] SoundI::release                          :  (000000003289BBD8)
[LOG] SoundI::release                          : release subsounds. (000000003289BBD8)
[LOG] SoundI::release                          :     pickup coffin (000000000FF23AE8)
[LOG] SoundI::release                          :     done
[LOG] SoundI::release                          : release codec. (000000003289BBD8)
[LOG] SoundI::release                          : done
[LOG] SoundI::release                          :  (0000000010A0F288)
[LOG] SoundI::release                          : release subsounds. (0000000010A0F288)
[LOG] SoundI::release                          :     cart loop (000000000FF251A8)
[LOG] SoundI::release                          :     done
[LOG] SoundI::release                          : release codec. (0000000010A0F288)
[LOG] SoundI::release                          : done
[LOG] SoundI::release                          :  (0000000010A10538)
[LOG] SoundI::release                          : release subsounds. (0000000010A10538)
[LOG] SoundI::release                          :     throw coffin (000000000FF25348)
[LOG] SoundI::release                          :     done
[LOG] SoundI::release                          : release codec. (0000000010A10538)
[LOG] SoundI::release                          : done
[LOG] SoundI::release                          :  (0000000010A0F118)
[LOG] SoundI::release                          : release subsounds. (0000000010A0F118)
[LOG] SoundI::release                          :     fsteps3 (000000000FF24E68)
[LOG] SoundI::release                          :     done
[LOG] SoundI::release                          : release codec. (0000000010A0F118)
[LOG] SoundI::release                          : done
[LOG] SoundI::release                          :  (000000003289C198)
[LOG] SoundI::release                          : release subsounds. (000000003289C198)
[LOG] SoundI::release                          :     fsteps4 (000000003280A848)
[LOG] SoundI::release                          :     done
[LOG] SoundI::release                          : release codec. (000000003289C198)
[LOG] SoundI::release                          : done
[LOG] SoundI::release                          :  (000000003289CBA8)
[LOG] SoundI::release                          : release subsounds. (000000003289CBA8)
[LOG] SoundI::release                          :     fsteps5 (000000000FF24CC8)
[LOG] SoundI::release                          :     done
[LOG] SoundI::release                          : release codec. (000000003289CBA8)
[LOG] SoundI::release                          : done
[LOG] SoundI::release                          :  (000000003289B618)
[LOG] SoundI::release                          : release subsounds. (000000003289B618)
[LOG] SoundI::release                          :     shovel1 (000000000FF247E8)
[LOG] SoundI::release                          :     done
[LOG] SoundI::release                          : release codec. (000000003289B618)
[LOG] SoundI::release                          : done
[LOG] SoundI::release                          :  (0000000010A0FC98)
[LOG] SoundI::release                          : release subsounds. (0000000010A0FC98)
[LOG] SoundI::release                          :     shovel2 (000000000FF24B28)
[LOG] SoundI::release                          :     done
[LOG] SoundI::release                          : release codec. (0000000010A0FC98)
[LOG] SoundI::release                          : done
[LOG] SoundI::release                          :  (0000000010A0F848)
[LOG] SoundI::release                          : release subsounds. (0000000010A0F848)
[LOG] SoundI::release                          :     shovel3 (000000000FF244A8)
[LOG] SoundI::release                          :     done
[LOG] SoundI::release                          : release codec. (0000000010A0F848)
[LOG] SoundI::release                          : done
[LOG] Thread::callback                         : FMOD Studio update thread finished.
[LOG] Thread::callback                         : FMOD Studio bank load thread finished.
[LOG] Profile::disconnectAll                   : Profiler disconnecting all clients
[LOG] Thread::callback                         : FMOD Studio sample load thread finished.
[LOG] LiveUpdate::release                      : 
[LOG] LiveUpdate::reset                        : Reset connection (reason Disconnected)
[LOG] SystemI::close                           : 
[LOG] SystemI::close                           : Stop all sounds
[LOG] Thread::callback                         : FMOD stream thread finished.
[LOG] SystemI::close                           : Stream thread destroyed
[LOG] Thread::callback                         : FMOD mixer thread finished.
[LOG] SystemI::close                           : Free master channel group.
[LOG] SystemI::close                           : Remove 'master' sound group.
[LOG] SystemI::close                           : Free software output.
[LOG] SystemI::close                           : Free emulated output.
[LOG] SystemI::close                           : Free channel pool.
[LOG] SystemI::close                           : done.

[LOG] Manager::readBank                        : fileversion = 88, compatVersion = 86 (oldest = 44, newest = 88)
[LOG] Manager::readBank                        : fileversion = 88, compatVersion = 86 (oldest = 44, newest = 88)
[LOG] Manager::readBank                        : fileversion = 88, compatVersion = 86 (oldest = 44, newest = 88)
[LOG] Manager::readBank                        : fileversion = 88, compatVersion = 86 (oldest = 44, newest = 88)
[LOG] Manager::readBank                        : fileversion = 88, compatVersion = 86 (oldest = 44, newest = 88)
[LOG] Manager::readBank                        : fileversion = 88, compatVersion = 86 (oldest = 44, newest = 88)
[LOG] PlaybackSystem::acquireMasterBus         : Setting master channel group format to 3
[LOG] System::create                           : Header version = 1.09.01. Current version = 1.09.01.
